#
# A fatal error has been detected by the Java Runtime Environment:
#
#  EXCEPTION_ACCESS_VIOLATION (0xc0000005) at pc=0x0000000071faaf26, pid=4088, tid=0x0000000000000e60
#
# JRE version: OpenJDK Runtime Environment (8.0_152-b01) (build 1.8.0_152-release-1343-b01)
# Java VM: OpenJDK 64-Bit Server VM (25.152-b01 mixed mode windows-amd64 compressed oops)
# Problematic frame:
# V  [jvm.dll+0x6af26]
#
# Failed to write core dump. Minidumps are not enabled by default on client versions of Windows
#
# If you would like to submit a bug report, please visit:
#   http://bugreport.java.com/bugreport/crash.jsp
#

---------------  T H R E A D  ---------------

Current thread (0x0000000057934800):  JavaThread "C1 CompilerThread2" daemon [_thread_in_vm, id=3680, stack(0x0000000057f20000,0x0000000058020000)]

siginfo: ExceptionCode=0xc0000005, reading address 0x0000000000000008

Registers:
RAX=0x000000000308f050, RBX=0x0000000001cf7ea0, RCX=0x000000000308f050, RDX=0x0000000000000000
RSP=0x000000005801f6a0, RBP=0x000000005801f759, RSI=0x000000000308e610, RDI=0x000000000308f050
R8 =0x0000000001cf7ea0, R9 =0x00000000023c0000, R10=0x000000000308e1f0, R11=0x000000000308e260
R12=0x0000000000000000, R13=0x000000000000016b, R14=0x000000000000016a, R15=0x000000000000024b
RIP=0x0000000071faaf26, EFLAGS=0x0000000000010206

Top of Stack: (sp=0x000000005801f6a0)
0x000000005801f6a0:   00000000000003d8 0000000001cfd000
0x000000005801f6b0:   000000005801f759 000000000308e0d0
0x000000005801f6c0:   0000000001cfbcd0 00000000721536d1
0x000000005801f6d0:   0000000001cfbcd0 000000005801f759
0x000000005801f6e0:   000000000308e610 0000000001cfbcd0
0x000000005801f6f0:   0000000000000000 000000000000501c
0x000000005801f700:   000000005b968a70 0000000056048ed0
0x000000005801f710:   0000000056048f20 000000005db45bc0
0x000000005801f720:   0000000000000000 0000000056048e10
0x000000005801f730:   00000000000003d8 00000000560493f0
0x000000005801f740:   0000000056048e50 0000000000000000
0x000000005801f750:   00000000560491f8 0000000000000000
0x000000005801f760:   0000000055000000 0000000058d126b0
0x000000005801f770:   0000000058d12770 00000000724fae98
0x000000005801f780:   0000000055fd91d0 0000000056048e10
0x000000005801f790:   00000000560473f0 000000000d324ec0 

Instructions: (pc=0x0000000071faaf26)
0x0000000071faaf06:   00 48 8b cb 48 8b d0 e8 7e 17 05 00 48 8b f8 48
0x0000000071faaf16:   85 c0 74 51 66 0f 1f 44 00 00 48 8b 17 48 8b cf
0x0000000071faaf26:   ff 52 08 84 c0 75 3b 48 8b 1d 64 98 73 00 48 8b
0x0000000071faaf36:   d7 48 8b cb e8 91 10 05 00 48 8b cb 48 8b d0 e8 


Register to memory mapping:

RAX=0x000000000308f050 is an unknown value
RBX=0x0000000001cf7ea0 is an unknown value
RCX=0x000000000308f050 is an unknown value
RDX=0x0000000000000000 is an unknown value
RSP=0x000000005801f6a0 is pointing into the stack for thread: 0x0000000057934800
RBP=0x000000005801f759 is pointing into the stack for thread: 0x0000000057934800
RSI=0x000000000308e610 is at entry_point+-432 in (nmethod*)0x000000000308e610
RDI=0x000000000308f050 is an unknown value
R8 =0x0000000001cf7ea0 is an unknown value
R9 =0x00000000023c0000 is an unknown value
R10=0x000000000308e1f0 is at entry_point+-80 in (nmethod*)0x000000000308e0d0
R11=0x000000000308e260 is at entry_point+32 in (nmethod*)0x000000000308e0d0
R12=0x0000000000000000 is an unknown value
R13=0x000000000000016b is an unknown value
R14=0x000000000000016a is an unknown value
R15=0x000000000000024b is an unknown value


Stack: [0x0000000057f20000,0x0000000058020000],  sp=0x000000005801f6a0,  free space=1021k
Native frames: (J=compiled Java code, j=interpreted, Vv=VM code, C=native code)
V  [jvm.dll+0x6af26]
V  [jvm.dll+0x2136d1]
V  [jvm.dll+0x2139bc]
V  [jvm.dll+0x818d7]
V  [jvm.dll+0x81bb0]
V  [jvm.dll+0x21d41f]
V  [jvm.dll+0x26d9aa]
C  [msvcr100.dll+0x21d9f]
C  [msvcr100.dll+0x21e3b]
C  [kernel32.dll+0x1f56d]
C  [ntdll.dll+0x33281]


---------------  P R O C E S S  ---------------

Java Threads: ( => current thread )
  0x00000000597c4000 JavaThread "Cache worker for file hash cache (C:\Users\user\AndroidStudioProjects\shriranjini android\RelativeLayout\.gradle\5.1.1\fileHashes)" [_thread_blocked, id=3004, stack(0x000000005a200000,0x000000005a300000)]
  0x00000000597bc800 JavaThread "Thread-51" [_thread_blocked, id=336, stack(0x0000000058af0000,0x0000000058bf0000)]
  0x00000000597bd800 JavaThread "Stdin handler" [_thread_blocked, id=4644, stack(0x000000005fa20000,0x000000005fb20000)]
  0x00000000597b9000 JavaThread "Asynchronous log dispatcher for DefaultDaemonConnection: socket connection from /127.0.0.1:49235 to /127.0.0.1:49382" [_thread_blocked, id=4356, stack(0x000000005f7e0000,0x000000005f8e0000)]
  0x00000000597bf800 JavaThread "Daemon worker Thread 3" [_thread_blocked, id=4156, stack(0x000000005a620000,0x000000005a720000)]
  0x00000000597c2000 JavaThread "Cancel handler" [_thread_blocked, id=4268, stack(0x000000005f490000,0x000000005f590000)]
  0x00000000597c0800 JavaThread "Handler for socket connection from /127.0.0.1:49235 to /127.0.0.1:49382" [_thread_in_native, id=3268, stack(0x000000005b070000,0x000000005b170000)]
  0x00000000597c1000 JavaThread "Daemon Thread 3" [_thread_blocked, id=712, stack(0x000000005ac20000,0x000000005ad20000)]
  0x00000000597c6800 JavaThread "Cache worker for file content cache (C:\Users\user\.gradle\caches\5.1.1\fileContent)" [_thread_blocked, id=1300, stack(0x0000000061280000,0x0000000061380000)]
  0x00000000597c5800 JavaThread "Memory manager" [_thread_blocked, id=2704, stack(0x0000000060f70000,0x0000000061070000)]
  0x00000000597c3800 JavaThread "pool-1-thread-1" [_thread_blocked, id=1552, stack(0x000000005f660000,0x000000005f760000)]
  0x00000000597bf000 JavaThread "Cache worker for execution history cache (C:\Users\user\.gradle\caches\5.1.1\executionHistory)" [_thread_blocked, id=3556, stack(0x000000005a300000,0x000000005a400000)]
  0x00000000597b8000 JavaThread "Cache worker for journal cache (C:\Users\user\.gradle\caches\journal-1)" [_thread_blocked, id=3708, stack(0x000000005b170000,0x000000005b270000)]
  0x00000000596f4800 JavaThread "File lock request listener" [_thread_in_native, id=2192, stack(0x000000005af00000,0x000000005b000000)]
  0x000000005970a800 JavaThread "Cache worker for file hash cache (C:\Users\user\.gradle\caches\5.1.1\fileHashes)" [_thread_blocked, id=352, stack(0x000000005adf0000,0x000000005aef0000)]
  0x000000005912b000 JavaThread "Daemon periodic checks" [_thread_blocked, id=2440, stack(0x000000005a0b0000,0x000000005a1b0000)]
  0x0000000059111800 JavaThread "Incoming local TCP Connector on port 49235" [_thread_in_native, id=2016, stack(0x0000000059f10000,0x000000005a010000)]
  0x00000000579ae000 JavaThread "Service Thread" daemon [_thread_blocked, id=1472, stack(0x00000000580c0000,0x00000000581c0000)]
=>0x0000000057934800 JavaThread "C1 CompilerThread2" daemon [_thread_in_vm, id=3680, stack(0x0000000057f20000,0x0000000058020000)]
  0x0000000056046800 JavaThread "C2 CompilerThread1" daemon [_thread_blocked, id=1236, stack(0x0000000057e20000,0x0000000057f20000)]
  0x000000005603f800 JavaThread "C2 CompilerThread0" daemon [_thread_blocked, id=1612, stack(0x0000000057830000,0x0000000057930000)]
  0x000000005604e000 JavaThread "Attach Listener" daemon [_thread_blocked, id=1984, stack(0x0000000057680000,0x0000000057780000)]
  0x000000005604c800 JavaThread "Signal Dispatcher" daemon [_thread_blocked, id=2224, stack(0x0000000057410000,0x0000000057510000)]
  0x0000000056028000 JavaThread "Finalizer" daemon [_thread_blocked, id=508, stack(0x0000000057220000,0x0000000057320000)]
  0x0000000055fe1000 JavaThread "Reference Handler" daemon [_thread_blocked, id=668, stack(0x0000000056ff0000,0x00000000570f0000)]
  0x0000000001cfe800 JavaThread "main" [_thread_blocked, id=184, stack(0x0000000001ff0000,0x00000000020f0000)]

Other Threads:
  0x0000000055fd9800 VMThread [stack: 0x0000000056db0000,0x0000000056eb0000] [id=2872]
  0x000000005796f000 WatcherThread [stack: 0x00000000581e0000,0x00000000582e0000] [id=3420]

VM state:synchronizing (normal execution)

VM Mutex/Monitor currently owned by a thread:  ([mutex/lock_event])
[0x0000000001cfbcd0] CodeCache_lock - owner thread: 0x0000000057934800
[0x0000000001cfc980] Threads_lock - owner thread: 0x0000000055fd9800

Heap:
 PSYoungGen      total 221184K, used 162350K [0x00000000e0000000, 0x00000000f0980000, 0x0000000100000000)
  eden space 197120K, 70% used [0x00000000e0000000,0x00000000e870fe10,0x00000000ec080000)
  from space 24064K, 99% used [0x00000000ede00000,0x00000000ef57ba68,0x00000000ef580000)
  to   space 30208K, 0% used [0x00000000ec080000,0x00000000ec080000,0x00000000ede00000)
 ParOldGen       total 96256K, used 50507K [0x00000000a0000000, 0x00000000a5e00000, 0x00000000e0000000)
  object space 96256K, 52% used [0x00000000a0000000,0x00000000a3152f88,0x00000000a5e00000)
 Metaspace       used 87700K, capacity 91138K, committed 91224K, reserved 1128448K
  class space    used 11395K, capacity 12086K, committed 12160K, reserved 1048576K

Card table byte_map: [0x0000000011780000,0x0000000011a90000] byte_map_base: 0x0000000011280000

Marking Bits: (ParMarkBitMap*) 0x0000000072705aa0
 Begin Bits: [0x0000000012350000, 0x0000000013b50000)
 End Bits:   [0x0000000013b50000, 0x0000000015350000)

Polling page: 0x0000000000320000

CodeCache: size=245760Kb used=29548Kb max_used=29556Kb free=216211Kb
 bounds [0x00000000023c0000, 0x00000000040d0000, 0x00000000113c0000]
 total_blobs=10239 nmethods=9398 adapters=754
 compilation: enabled

Compilation events (10 events):
Event: 8327.894 Thread 0x0000000057934800 nmethod 11002 0x00000000040a38d0 code [0x00000000040a3ac0, 0x00000000040a4488]
Event: 8327.927 Thread 0x000000005603f800 nmethod 11006 0x000000000285d490 code [0x000000000285d5e0, 0x000000000285d878]
Event: 8328.038 Thread 0x0000000057934800 10999       3       java.io.ObjectStreamClass$3::compare (12 bytes)
Event: 8328.038 Thread 0x0000000057934800 nmethod 10999 0x0000000002841ad0 code [0x0000000002841c40, 0x0000000002841e68]
Event: 8328.293 Thread 0x0000000057934800 11008       3       org.gradle.internal.SystemProperties::getStandardProperties (4 bytes)
Event: 8328.293 Thread 0x0000000057934800 nmethod 11008 0x0000000002841790 code [0x00000000028418e0, 0x0000000002841a30]
Event: 8328.424 Thread 0x0000000057934800 11007       3       java.util.Collections$UnmodifiableMap$UnmodifiableEntrySet$UnmodifiableEntry::getValue (10 bytes)
Event: 8328.432 Thread 0x0000000057934800 nmethod 11007 0x00000000040a3490 code [0x00000000040a3600, 0x00000000040a3828]
Event: 8328.475 Thread 0x0000000057934800 11009       1       org.gradle.internal.event.BroadcastDispatch$SingletonDispatch::access$100 (5 bytes)
Event: 8328.489 Thread 0x0000000057934800 nmethod 11009 0x00000000028414d0 code [0x0000000002841620, 0x0000000002841710]

GC Heap History (10 events):
Event: 37.978 GC heap before
{Heap before GC invocations=15 (full 2):
 PSYoungGen      total 169984K, used 53186K [0x00000000e0000000, 0x00000000eb780000, 0x0000000100000000)
  eden space 154112K, 26% used [0x00000000e0000000,0x00000000e27a91c8,0x00000000e9680000)
  from space 15872K, 79% used [0x00000000ea780000,0x00000000eb3c7680,0x00000000eb700000)
  to   space 16896K, 0% used [0x00000000e9680000,0x00000000e9680000,0x00000000ea700000)
 ParOldGen       total 58880K, used 29101K [0x00000000a0000000, 0x00000000a3980000, 0x00000000e0000000)
  object space 58880K, 49% used [0x00000000a0000000,0x00000000a1c6b548,0x00000000a3980000)
 Metaspace       used 57271K, capacity 58926K, committed 59028K, reserved 1099776K
  class space    used 7760K, capacity 8150K, committed 8192K, reserved 1048576K
Event: 38.007 GC heap after
Heap after GC invocations=15 (full 2):
 PSYoungGen      total 171008K, used 9347K [0x00000000e0000000, 0x00000000ed500000, 0x0000000100000000)
  eden space 154112K, 0% used [0x00000000e0000000,0x00000000e0000000,0x00000000e9680000)
  from space 16896K, 55% used [0x00000000e9680000,0x00000000e9fa0f28,0x00000000ea700000)
  to   space 16384K, 0% used [0x00000000ec500000,0x00000000ec500000,0x00000000ed500000)
 ParOldGen       total 58880K, used 29109K [0x00000000a0000000, 0x00000000a3980000, 0x00000000e0000000)
  object space 58880K, 49% used [0x00000000a0000000,0x00000000a1c6d548,0x00000000a3980000)
 Metaspace       used 57271K, capacity 58926K, committed 59028K, reserved 1099776K
  class space    used 7760K, capacity 8150K, committed 8192K, reserved 1048576K
}
Event: 38.007 GC heap before
{Heap before GC invocations=16 (full 3):
 PSYoungGen      total 171008K, used 9347K [0x00000000e0000000, 0x00000000ed500000, 0x0000000100000000)
  eden space 154112K, 0% used [0x00000000e0000000,0x00000000e0000000,0x00000000e9680000)
  from space 16896K, 55% used [0x00000000e9680000,0x00000000e9fa0f28,0x00000000ea700000)
  to   space 16384K, 0% used [0x00000000ec500000,0x00000000ec500000,0x00000000ed500000)
 ParOldGen       total 58880K, used 29109K [0x00000000a0000000, 0x00000000a3980000, 0x00000000e0000000)
  object space 58880K, 49% used [0x00000000a0000000,0x00000000a1c6d548,0x00000000a3980000)
 Metaspace       used 57271K, capacity 58926K, committed 59028K, reserved 1099776K
  class space    used 7760K, capacity 8150K, committed 8192K, reserved 1048576K
Event: 38.577 GC heap after
Heap after GC invocations=16 (full 3):
 PSYoungGen      total 171008K, used 0K [0x00000000e0000000, 0x00000000ed500000, 0x0000000100000000)
  eden space 154112K, 0% used [0x00000000e0000000,0x00000000e0000000,0x00000000e9680000)
  from space 16896K, 0% used [0x00000000e9680000,0x00000000e9680000,0x00000000ea700000)
  to   space 16384K, 0% used [0x00000000ec500000,0x00000000ec500000,0x00000000ed500000)
 ParOldGen       total 96256K, used 32294K [0x00000000a0000000, 0x00000000a5e00000, 0x00000000e0000000)
  object space 96256K, 33% used [0x00000000a0000000,0x00000000a1f89a18,0x00000000a5e00000)
 Metaspace       used 57250K, capacity 58864K, committed 59028K, reserved 1099776K
  class space    used 7754K, capacity 8139K, committed 8192K, reserved 1048576K
}
Event: 339.897 GC heap before
{Heap before GC invocations=17 (full 3):
 PSYoungGen      total 171008K, used 154112K [0x00000000e0000000, 0x00000000ed500000, 0x0000000100000000)
  eden space 154112K, 100% used [0x00000000e0000000,0x00000000e9680000,0x00000000e9680000)
  from space 16896K, 0% used [0x00000000e9680000,0x00000000e9680000,0x00000000ea700000)
  to   space 16384K, 0% used [0x00000000ec500000,0x00000000ec500000,0x00000000ed500000)
 ParOldGen       total 96256K, used 32294K [0x00000000a0000000, 0x00000000a5e00000, 0x00000000e0000000)
  object space 96256K, 33% used [0x00000000a0000000,0x00000000a1f89a18,0x00000000a5e00000)
 Metaspace       used 63100K, capacity 65258K, committed 65368K, reserved 1105920K
  class space    used 8304K, capacity 8770K, committed 8832K, reserved 1048576K
Event: 339.942 GC heap after
Heap after GC invocations=17 (full 3):
 PSYoungGen      total 189952K, used 12667K [0x00000000e0000000, 0x00000000ed180000, 0x0000000100000000)
  eden space 177152K, 0% used [0x00000000e0000000,0x00000000e0000000,0x00000000ead00000)
  from space 12800K, 98% used [0x00000000ec500000,0x00000000ed15eec0,0x00000000ed180000)
  to   space 17408K, 0% used [0x00000000eaf80000,0x00000000eaf80000,0x00000000ec080000)
 ParOldGen       total 96256K, used 32302K [0x00000000a0000000, 0x00000000a5e00000, 0x00000000e0000000)
  object space 96256K, 33% used [0x00000000a0000000,0x00000000a1f8ba18,0x00000000a5e00000)
 Metaspace       used 63100K, capacity 65258K, committed 65368K, reserved 1105920K
  class space    used 8304K, capacity 8770K, committed 8832K, reserved 1048576K
}
Event: 354.093 GC heap before
{Heap before GC invocations=18 (full 3):
 PSYoungGen      total 189952K, used 189819K [0x00000000e0000000, 0x00000000ed180000, 0x0000000100000000)
  eden space 177152K, 100% used [0x00000000e0000000,0x00000000ead00000,0x00000000ead00000)
  from space 12800K, 98% used [0x00000000ec500000,0x00000000ed15eec0,0x00000000ed180000)
  to   space 17408K, 0% used [0x00000000eaf80000,0x00000000eaf80000,0x00000000ec080000)
 ParOldGen       total 96256K, used 32302K [0x00000000a0000000, 0x00000000a5e00000, 0x00000000e0000000)
  object space 96256K, 33% used [0x00000000a0000000,0x00000000a1f8ba18,0x00000000a5e00000)
 Metaspace       used 75704K, capacity 78532K, committed 78680K, reserved 1118208K
  class space    used 9909K, capacity 10505K, committed 10624K, reserved 1048576K
Event: 354.196 GC heap after
Heap after GC invocations=18 (full 3):
 PSYoungGen      total 197120K, used 17405K [0x00000000e0000000, 0x00000000ef580000, 0x0000000100000000)
  eden space 179712K, 0% used [0x00000000e0000000,0x00000000e0000000,0x00000000eaf80000)
  from space 17408K, 99% used [0x00000000eaf80000,0x00000000ec07f5a8,0x00000000ec080000)
  to   space 24064K, 0% used [0x00000000ede00000,0x00000000ede00000,0x00000000ef580000)
 ParOldGen       total 96256K, used 43711K [0x00000000a0000000, 0x00000000a5e00000, 0x00000000e0000000)
  object space 96256K, 45% used [0x00000000a0000000,0x00000000a2aafc68,0x00000000a5e00000)
 Metaspace       used 75704K, capacity 78532K, committed 78680K, reserved 1118208K
  class space    used 9909K, capacity 10505K, committed 10624K, reserved 1048576K
}
Event: 364.062 GC heap before
{Heap before GC invocations=19 (full 3):
 PSYoungGen      total 197120K, used 197117K [0x00000000e0000000, 0x00000000ef580000, 0x0000000100000000)
  eden space 179712K, 100% used [0x00000000e0000000,0x00000000eaf80000,0x00000000eaf80000)
  from space 17408K, 99% used [0x00000000eaf80000,0x00000000ec07f5a8,0x00000000ec080000)
  to   space 24064K, 0% used [0x00000000ede00000,0x00000000ede00000,0x00000000ef580000)
 ParOldGen       total 96256K, used 43711K [0x00000000a0000000, 0x00000000a5e00000, 0x00000000e0000000)
  object space 96256K, 45% used [0x00000000a0000000,0x00000000a2aafc68,0x00000000a5e00000)
 Metaspace       used 83149K, capacity 86304K, committed 86488K, reserved 1124352K
  class space    used 10997K, capacity 11659K, committed 11776K, reserved 1048576K
Event: 364.217 GC heap after
Heap after GC invocations=19 (full 3):
 PSYoungGen      total 221184K, used 24046K [0x00000000e0000000, 0x00000000f0980000, 0x0000000100000000)
  eden space 197120K, 0% used [0x00000000e0000000,0x00000000e0000000,0x00000000ec080000)
  from space 24064K, 99% used [0x00000000ede00000,0x00000000ef57ba68,0x00000000ef580000)
  to   space 30208K, 0% used [0x00000000ec080000,0x00000000ec080000,0x00000000ede00000)
 ParOldGen       total 96256K, used 50507K [0x00000000a0000000, 0x00000000a5e00000, 0x00000000e0000000)
  object space 96256K, 52% used [0x00000000a0000000,0x00000000a3152f88,0x00000000a5e00000)
 Metaspace       used 83149K, capacity 86304K, committed 86488K, reserved 1124352K
  class space    used 10997K, capacity 11659K, committed 11776K, reserved 1048576K
}

Deoptimization events (10 events):
Event: 369.446 Thread 0x00000000597c0800 Uncommon trap: reason=bimorphic action=maybe_recompile pc=0x0000000003f572ec method=com.sun.org.apache.xerces.internal.impl.XMLEntityScanner.load(IZZ)Z @ 81
Event: 369.520 Thread 0x00000000597c0800 Uncommon trap: reason=bimorphic action=maybe_recompile pc=0x0000000003f572ec method=com.sun.org.apache.xerces.internal.impl.XMLEntityScanner.load(IZZ)Z @ 81
Event: 370.208 Thread 0x00000000597c0800 Uncommon trap: reason=unstable_if action=reinterpret pc=0x0000000004041190 method=com.sun.org.apache.xerces.internal.dom.NodeImpl.isOwned(Z)V @ 2
Event: 370.606 Thread 0x00000000597c0800 Uncommon trap: reason=unstable_if action=reinterpret pc=0x00000000027ee758 method=sun.nio.cs.SingleByte$Encoder.encodeArrayLoop(Ljava/nio/CharBuffer;Ljava/nio/ByteBuffer;)Ljava/nio/charset/CoderResult; @ 70
Event: 370.632 Thread 0x00000000597c0800 Uncommon trap: reason=unstable_if action=reinterpret pc=0x000000000362a124 method=sun.nio.fs.WindowsPathParser.parse(Ljava/lang/String;Z)Lsun/nio/fs/WindowsPathParser$Result; @ 207
Event: 370.721 Thread 0x00000000597c0800 Uncommon trap: reason=unstable_if action=reinterpret pc=0x0000000003f4d9e4 method=java.util.concurrent.ArrayBlockingQueue.enqueue(Ljava/lang/Object;)V @ 25
Event: 370.723 Thread 0x00000000597c0800 Uncommon trap: reason=unstable_if action=reinterpret pc=0x0000000003d740a0 method=java.util.concurrent.ArrayBlockingQueue.dequeue()Ljava/lang/Object; @ 32
Event: 4621.665 Thread 0x000000005912b000 Uncommon trap: reason=unstable_if action=reinterpret pc=0x000000000376caf8 method=java.text.SimpleDateFormat.zeroPaddingNumber(IIILjava/lang/StringBuffer;)V @ 41
Event: 4621.665 Thread 0x000000005912b000 Uncommon trap: reason=unstable_if action=reinterpret pc=0x0000000003322854 method=java.text.DecimalFormat.subformat(Ljava/lang/StringBuffer;Ljava/text/Format$FieldDelegate;ZZIIII)Ljava/lang/StringBuffer; @ 814
Event: 8327.394 Thread 0x00000000597c0800 Uncommon trap: reason=predicate action=maybe_recompile pc=0x0000000002e3d774 method=java.util.TimSort.reverseRange([Ljava/lang/Object;II)V @ 8

Classes redefined (0 events):
No events

Internal exceptions (10 events):
Event: 364.590 Thread 0x00000000597bc800 Exception <a 'java/lang/NoSuchMethodError': <clinit>> (0x00000000e08b0dc0) thrown at [D:\src\AOSP-openjdk-cygwin\jdk8u\hotspot\src\share\vm\prims\jni.cpp, line 1613]
Event: 364.601 Thread 0x00000000597bc800 Exception <a 'java/lang/NoSuchMethodError': <clinit>> (0x00000000e08baf48) thrown at [D:\src\AOSP-openjdk-cygwin\jdk8u\hotspot\src\share\vm\prims\jni.cpp, line 1613]
Event: 364.606 Thread 0x00000000597bc800 Exception <a 'java/lang/NoSuchMethodError': <clinit>> (0x00000000e08d4680) thrown at [D:\src\AOSP-openjdk-cygwin\jdk8u\hotspot\src\share\vm\prims\jni.cpp, line 1613]
Event: 364.609 Thread 0x00000000597bc800 Exception <a 'java/lang/NoSuchMethodError': <clinit>> (0x00000000e08e3ad8) thrown at [D:\src\AOSP-openjdk-cygwin\jdk8u\hotspot\src\share\vm\prims\jni.cpp, line 1613]
Event: 364.675 Thread 0x00000000597bc800 Exception <a 'java/lang/NoSuchMethodError': <clinit>> (0x00000000e08e9c10) thrown at [D:\src\AOSP-openjdk-cygwin\jdk8u\hotspot\src\share\vm\prims\jni.cpp, line 1613]
Event: 368.166 Thread 0x00000000597c0800 Exception <a 'java/lang/NoSuchMethodError': <clinit>> (0x00000000e2306290) thrown at [D:\src\AOSP-openjdk-cygwin\jdk8u\hotspot\src\share\vm\prims\jni.cpp, line 1613]
Event: 368.185 Thread 0x00000000597c0800 Exception <a 'sun/nio/fs/WindowsException'> (0x00000000e2344208) thrown at [D:\src\AOSP-openjdk-cygwin\jdk8u\hotspot\src\share\vm\prims\jni.cpp, line 709]
Event: 368.188 Thread 0x00000000597bc800 Exception <a 'java/lang/NoSuchMethodError': <clinit>> (0x00000000e2473fd8) thrown at [D:\src\AOSP-openjdk-cygwin\jdk8u\hotspot\src\share\vm\prims\jni.cpp, line 1613]
Event: 620.313 Thread 0x00000000597c3800 Exception <a 'sun/nio/fs/WindowsException'> (0x00000000e4798100) thrown at [D:\src\AOSP-openjdk-cygwin\jdk8u\hotspot\src\share\vm\prims\jni.cpp, line 709]
Event: 8327.412 Thread 0x00000000597c0800 Exception <a 'java/lang/NoSuchMethodError': <clinit>> (0x00000000e84e6b18) thrown at [D:\src\AOSP-openjdk-cygwin\jdk8u\hotspot\src\share\vm\prims\jni.cpp, line 1613]

Events (10 events):
Event: 8327.394 Thread 0x00000000597c0800 DEOPT PACKING pc=0x0000000002e3d774 sp=0x000000005b16dde0
Event: 8327.394 Thread 0x00000000597c0800 DEOPT UNPACKING pc=0x000000000240557b sp=0x000000005b16dca8 mode 2
Event: 8327.804 Thread 0x0000000057934800 flushing nmethod 0x00000000028414d0
Event: 8327.804 Thread 0x0000000057934800 flushing nmethod 0x0000000002841b90
Event: 8327.840 Thread 0x0000000057934800 flushing nmethod 0x000000000285d310
Event: 8327.905 Thread 0x00000000597c2000 Thread added: 0x00000000597c2000
Event: 8328.069 Thread 0x00000000597bf800 Thread added: 0x00000000597bf800
Event: 8328.165 Thread 0x00000000597b9000 Thread added: 0x00000000597b9000
Event: 8328.269 Thread 0x00000000597bd800 Thread added: 0x00000000597bd800
Event: 8328.286 Thread 0x00000000597bc800 Thread added: 0x00000000597bc800


Dynamic libraries:
0x000000013f230000 - 0x000000013f261000 	C:\Program Files\Android\Android Studio1\jre\bin\java.exe
0x0000000077140000 - 0x00000000772eb000 	C:\Windows\SYSTEM32\ntdll.dll
0x0000000077020000 - 0x000000007713f000 	C:\Windows\system32\kernel32.dll
0x000007fefd2c0000 - 0x000007fefd32b000 	C:\Windows\system32\KERNELBASE.dll
0x000007fefdae0000 - 0x000007fefdbbb000 	C:\Windows\system32\ADVAPI32.dll
0x000007fefd8a0000 - 0x000007fefd93f000 	C:\Windows\system32\msvcrt.dll
0x000007feff320000 - 0x000007feff33f000 	C:\Windows\SYSTEM32\sechost.dll
0x000007feff160000 - 0x000007feff28e000 	C:\Windows\system32\RPCRT4.dll
0x0000000076f20000 - 0x000000007701a000 	C:\Windows\system32\USER32.dll
0x000007fefefc0000 - 0x000007feff027000 	C:\Windows\system32\GDI32.dll
0x000007feff290000 - 0x000007feff29e000 	C:\Windows\system32\LPK.dll
0x000007fefda10000 - 0x000007fefdada000 	C:\Windows\system32\USP10.dll
0x000007fefbb80000 - 0x000007fefbd74000 	C:\Windows\WinSxS\amd64_microsoft.windows.common-controls_6595b64144ccf1df_6.0.7600.16385_none_fa645303170382f6\COMCTL32.dll
0x000007feff2a0000 - 0x000007feff311000 	C:\Windows\system32\SHLWAPI.dll
0x000007fefd9e0000 - 0x000007fefda0e000 	C:\Windows\system32\IMM32.DLL
0x000007feff340000 - 0x000007feff449000 	C:\Windows\system32\MSCTF.dll
0x0000000074420000 - 0x00000000744f2000 	C:\Program Files\Android\Android Studio1\jre\jre\bin\msvcr100.dll
0x0000000071f40000 - 0x0000000072781000 	C:\Program Files\Android\Android Studio1\jre\jre\bin\server\jvm.dll
0x000007fef7a30000 - 0x000007fef7a39000 	C:\Windows\system32\WSOCK32.dll
0x000007fefdda0000 - 0x000007fefdded000 	C:\Windows\system32\WS2_32.dll
0x000007fefeb80000 - 0x000007fefeb88000 	C:\Windows\system32\NSI.dll
0x000007fef97e0000 - 0x000007fef981b000 	C:\Windows\system32\WINMM.dll
0x000007fefc210000 - 0x000007fefc21c000 	C:\Windows\system32\VERSION.dll
0x0000000077300000 - 0x0000000077307000 	C:\Windows\system32\PSAPI.DLL
0x000007fef47a0000 - 0x000007fef47af000 	C:\Program Files\Android\Android Studio1\jre\jre\bin\verify.dll
0x000007fef3cd0000 - 0x000007fef3cf9000 	C:\Program Files\Android\Android Studio1\jre\jre\bin\java.dll
0x000007fef4200000 - 0x000007fef4216000 	C:\Program Files\Android\Android Studio1\jre\jre\bin\zip.dll
0x000007fefddf0000 - 0x000007fefeb76000 	C:\Windows\system32\SHELL32.dll
0x000007fefed90000 - 0x000007fefef91000 	C:\Windows\system32\ole32.dll
0x000007fefd0a0000 - 0x000007fefd0af000 	C:\Windows\system32\profapi.dll
0x000007fef3b00000 - 0x000007fef3b1a000 	C:\Program Files\Android\Android Studio1\jre\jre\bin\net.dll
0x000007fefc8d0000 - 0x000007fefc924000 	C:\Windows\system32\mswsock.dll
0x000007fefc8c0000 - 0x000007fefc8c7000 	C:\Windows\System32\wship6.dll
0x000007fef3ae0000 - 0x000007fef3af1000 	C:\Program Files\Android\Android Studio1\jre\jre\bin\nio.dll
0x000007fef32f0000 - 0x000007fef330e000 	C:\Users\user\.gradle\native\25\windows-amd64\native-platform.dll
0x000007fef4560000 - 0x000007fef456d000 	C:\Program Files\Android\Android Studio1\jre\jre\bin\management.dll
0x000007fefc930000 - 0x000007fefc947000 	C:\Windows\system32\CRYPTSP.dll
0x000007fefc630000 - 0x000007fefc677000 	C:\Windows\system32\rsaenh.dll
0x000007fefc3e0000 - 0x000007fefc3fe000 	C:\Windows\system32\USERENV.dll
0x000007fefcf90000 - 0x000007fefcf9f000 	C:\Windows\system32\CRYPTBASE.dll
0x000007fefada0000 - 0x000007fefadc7000 	C:\Windows\system32\IPHLPAPI.DLL
0x000007fefad80000 - 0x000007fefad8b000 	C:\Windows\system32\WINNSI.DLL
0x000007fefac60000 - 0x000007fefac78000 	C:\Windows\system32\dhcpcsvc.DLL
0x000007fefa5f0000 - 0x000007fefa601000 	C:\Windows\system32\dhcpcsvc6.DLL
0x000007fef4630000 - 0x000007fef4755000 	C:\Windows\system32\dbghelp.dll

VM Arguments:
jvm_args: -Xmx1536m -Dfile.encoding=windows-1252 -Duser.country=US -Duser.language=en -Duser.variant 
java_command: org.gradle.launcher.daemon.bootstrap.GradleDaemon 5.1.1
java_class_path (initial): C:\Users\user\.gradle\wrapper\dists\gradle-5.1.1-all\97z1ksx6lirer3kbvdnh7jtjg\gradle-5.1.1\lib\gradle-launcher-5.1.1.jar
Launcher Type: SUN_STANDARD

Environment Variables:
PATH=C:\Windows\system32;C:\Windows;C:\Windows\System32\Wbem;C:\Windows\System32\WindowsPowerShell\v1.0\;C:\Program Files\Lenovo\Bluetooth Software\;C:\Program Files\Lenovo\Bluetooth Software\syswow64;C:\Program Files (x86)\nodejs\;C:\Users\user\AppData\Roaming\npm;C:\Users\user\AppData\Local\Programs\Microsoft VS Code\bin
USERNAME=user
OS=Windows_NT
PROCESSOR_IDENTIFIER=Intel64 Family 6 Model 42 Stepping 7, GenuineIntel



---------------  S Y S T E M  ---------------

OS: Windows 7 , 64 bit Build 7600 (6.1.7600.16385)

CPU:total 4 (initial active 4) (2 cores per cpu, 2 threads per core) family 6 model 42 stepping 7, cmov, cx8, fxsr, mmx, sse, sse2, sse3, ssse3, sse4.1, sse4.2, popcnt, clmul, ht, tsc, tscinvbit

Memory: 4k page, physical 4136816k(347204k free), swap 8271736k(3975896k free)

vm_info: OpenJDK 64-Bit Server VM (25.152-b01) for windows-amd64 JRE (1.8.0_152-release-1343-b01), built by "builder" with MS VC++ 10.0 (VS2010)

time: Wed Sep 04 14:44:05 2019
elapsed time: 8329 seconds (0d 2h 18m 49s)

